acb1ebbb986d | 2025-06-14 23:16:21.252 | info | Starting API Gateway
acb1ebbb986d | 2025-06-14 23:16:21.252 | info | Registering AuthService endpoints
acb1ebbb986d | 2025-06-14 23:16:21.253 | info | AuthService endpoints registered successfully
acb1ebbb986d | 2025-06-14 23:16:21.256 | info | Registering AuthHello endpoints
acb1ebbb986d | 2025-06-14 23:16:21.256 | info | AuthHello endpoints registered successfully
acb1ebbb986d | 2025-06-14 23:16:21.256 | info | API Gateway configured with endpoints:
acb1ebbb986d | 2025-06-14 23:16:21.257 | info |   POST /api/auth/login
acb1ebbb986d | 2025-06-14 23:16:21.257 | info |   POST /api/auth/register
acb1ebbb986d | 2025-06-14 23:16:21.257 | info |   POST /api/auth/refresh
acb1ebbb986d | 2025-06-14 23:16:21.258 | info |   POST /api/auth/logout
acb1ebbb986d | 2025-06-14 23:16:21.258 | info |   GET  /api/hello
acb1ebbb986d | 2025-06-14 23:16:21.258 | info | Starting HTTP server on port :8083
acb1ebbb986d | 2025-06-14 23:16:21.258 | info | Gateway ready to handle requests
698cabc673be | 2025-06-14 23:21:39.665 | info | Starting API Gateway
698cabc673be | 2025-06-14 23:21:39.667 | info | Registering AuthService endpoints
698cabc673be | 2025-06-14 23:21:39.667 | info | AuthService endpoints registered successfully
698cabc673be | 2025-06-14 23:21:39.667 | info | Registering AuthHello endpoints
698cabc673be | 2025-06-14 23:21:39.667 | info | AuthHello endpoints registered successfully
698cabc673be | 2025-06-14 23:21:39.667 | info | API Gateway configured with endpoints:
698cabc673be | 2025-06-14 23:21:39.667 | info |   POST /api/auth/login
698cabc673be | 2025-06-14 23:21:39.667 | info |   POST /api/auth/register
698cabc673be | 2025-06-14 23:21:39.667 | info |   POST /api/auth/refresh
698cabc673be | 2025-06-14 23:21:39.667 | info |   POST /api/auth/logout
698cabc673be | 2025-06-14 23:21:39.667 | info |   GET  /api/hello
698cabc673be | 2025-06-14 23:21:39.667 | info | Starting HTTP server on port :8083
698cabc673be | 2025-06-14 23:21:39.667 | info | Gateway ready to handle requests
698cabc673be | 2025-06-14 23:25:32.031 | info | Incoming request: OPTIONS /api/auth/login from 172.18.0.1
698cabc673be | 2025-06-14 23:25:32.031 | info | Request completed: OPTIONS /api/auth/login -> 200 in 0ms
698cabc673be | 2025-06-14 23:25:32.033 | info | Incoming request: POST /api/auth/login from 172.18.0.1
698cabc673be | 2025-06-14 23:25:32.067 | info | Request completed: POST /api/auth/login -> 200 in 33ms
698cabc673be | 2025-06-14 23:27:45.998 | info | Incoming request: POST /api/auth/register from 172.18.0.1
698cabc673be | 2025-06-14 23:27:46.063 | info | Request completed: POST /api/auth/register -> 200 in 65ms
698cabc673be | 2025-06-14 23:27:49.719 | info | Incoming request: OPTIONS /api/auth/login from 172.18.0.1
698cabc673be | 2025-06-14 23:27:49.719 | info | Request completed: OPTIONS /api/auth/login -> 200 in 0ms
698cabc673be | 2025-06-14 23:27:49.728 | info | Incoming request: POST /api/auth/login from 172.18.0.1
698cabc673be | 2025-06-14 23:27:49.827 | info | Request completed: POST /api/auth/login -> 200 in 98ms
698cabc673be | 2025-06-14 23:28:07.019 | info | Incoming request: OPTIONS /api/auth/logout from 172.18.0.1
698cabc673be | 2025-06-14 23:28:07.019 | info | Request completed: OPTIONS /api/auth/logout -> 200 in 0ms
698cabc673be | 2025-06-14 23:28:07.022 | info | Incoming request: POST /api/auth/logout from 172.18.0.1
698cabc673be | 2025-06-14 23:28:07.024 | info | Request completed: POST /api/auth/logout -> 200 in 2ms
698cabc673be | 2025-06-14 23:28:10.832 | info | Incoming request: OPTIONS /api/auth/login from 172.18.0.1
698cabc673be | 2025-06-14 23:28:10.832 | info | Request completed: OPTIONS /api/auth/login -> 200 in 0ms
698cabc673be | 2025-06-14 23:28:10.835 | info | Incoming request: POST /api/auth/login from 172.18.0.1
698cabc673be | 2025-06-14 23:28:10.906 | info | Request completed: POST /api/auth/login -> 200 in 71ms
698cabc673be | 2025-06-14 23:28:16.768 | info | Incoming request: OPTIONS /api/auth/logout from 172.18.0.1
698cabc673be | 2025-06-14 23:28:16.769 | info | Request completed: OPTIONS /api/auth/logout -> 200 in 0ms
698cabc673be | 2025-06-14 23:28:16.773 | info | Incoming request: POST /api/auth/logout from 172.18.0.1
698cabc673be | 2025-06-14 23:28:16.775 | info | Request completed: POST /api/auth/logout -> 200 in 1ms
698cabc673be | 2025-06-14 23:28:20.131 | info | Incoming request: OPTIONS /api/auth/login from 172.18.0.1
698cabc673be | 2025-06-14 23:28:20.131 | info | Request completed: OPTIONS /api/auth/login -> 200 in 0ms
698cabc673be | 2025-06-14 23:28:20.142 | info | Incoming request: POST /api/auth/login from 172.18.0.1
698cabc673be | 2025-06-14 23:28:20.218 | info | Request completed: POST /api/auth/login -> 200 in 76ms
698cabc673be | 2025-06-14 23:28:30.975 | info | Incoming request: OPTIONS /api/auth/logout from 172.18.0.1
698cabc673be | 2025-06-14 23:28:30.976 | info | Request completed: OPTIONS /api/auth/logout -> 200 in 0ms
698cabc673be | 2025-06-14 23:28:30.978 | info | Incoming request: POST /api/auth/logout from 172.18.0.1
698cabc673be | 2025-06-14 23:28:30.980 | info | Request completed: POST /api/auth/logout -> 200 in 2ms
698cabc673be | 2025-06-14 23:28:34.046 | info | Incoming request: OPTIONS /api/auth/login from 172.18.0.1
698cabc673be | 2025-06-14 23:28:34.046 | info | Request completed: OPTIONS /api/auth/login -> 200 in 0ms
698cabc673be | 2025-06-14 23:28:34.065 | info | Incoming request: POST /api/auth/login from 172.18.0.1
698cabc673be | 2025-06-14 23:28:34.151 | info | Request completed: POST /api/auth/login -> 200 in 85ms
6ec106bbce71 | 2025-07-06 20:05:30.854 | info | Starting API Gateway
6ec106bbce71 | 2025-07-06 20:05:30.861 | info | Registering AuthService endpoints
6ec106bbce71 | 2025-07-06 20:05:30.865 | info | AuthService endpoints registered successfully
6ec106bbce71 | 2025-07-06 20:05:30.868 | info | Registering AuthHello endpoints
6ec106bbce71 | 2025-07-06 20:05:30.870 | info | AuthHello endpoints registered successfully
6ec106bbce71 | 2025-07-06 20:05:30.872 | info | API Gateway configured with endpoints:
6ec106bbce71 | 2025-07-06 20:05:30.874 | info |   POST /api/auth/login
6ec106bbce71 | 2025-07-06 20:05:30.875 | info |   POST /api/auth/register
6ec106bbce71 | 2025-07-06 20:05:30.877 | info |   POST /api/auth/refresh
6ec106bbce71 | 2025-07-06 20:05:30.878 | info |   POST /api/auth/logout
6ec106bbce71 | 2025-07-06 20:05:30.881 | info |   GET  /api/hello
6ec106bbce71 | 2025-07-06 20:05:30.883 | info | Starting HTTP server on port :8083
6ec106bbce71 | 2025-07-06 20:05:30.884 | info | Gateway ready to handle requests
6ec106bbce71 | 2025-07-06 20:08:39.631 | info | Incoming request: POST /api/auth/register from 172.18.0.1
6ec106bbce71 | 2025-07-06 20:08:39.884 | info | Request completed: POST /api/auth/register -> 200 in 252ms
6ec106bbce71 | 2025-07-06 20:09:47.123 | info | Incoming request: POST /api/auth/register from 172.18.0.1
6ec106bbce71 | 2025-07-06 20:09:47.229 | info | Request completed: POST /api/auth/register -> 200 in 106ms
6ec106bbce71 | 2025-07-06 20:10:33.515 | info | Incoming request: POST /api/auth/register from 172.18.0.1
6ec106bbce71 | 2025-07-06 20:10:33.519 | info | Request completed: POST /api/auth/register -> 400 in 3ms
6ec106bbce71 | 2025-07-06 20:12:02.493 | info | Incoming request: POST /api/auth/register from 172.18.0.1
6ec106bbce71 | 2025-07-06 20:12:02.603 | info | Request completed: POST /api/auth/register -> 200 in 110ms
6ec106bbce71 | 2025-07-06 20:12:33.221 | info | Incoming request: OPTIONS /api/auth/login from 172.18.0.1
6ec106bbce71 | 2025-07-06 20:12:33.221 | info | Request completed: OPTIONS /api/auth/login -> 200 in 0ms
6ec106bbce71 | 2025-07-06 20:12:33.229 | info | Incoming request: POST /api/auth/login from 172.18.0.1
6ec106bbce71 | 2025-07-06 20:12:33.320 | info | Request completed: POST /api/auth/login -> 200 in 91ms
6ec106bbce71 | 2025-07-06 20:12:37.345 | info | Incoming request: POST /api/auth/login from 172.18.0.1
6ec106bbce71 | 2025-07-06 20:12:37.490 | info | Request completed: POST /api/auth/login -> 200 in 145ms
6ec106bbce71 | 2025-07-06 20:12:38.622 | info | Incoming request: OPTIONS /api/auth/login from 172.18.0.1
6ec106bbce71 | 2025-07-06 20:12:38.623 | info | Request completed: OPTIONS /api/auth/login -> 200 in 1ms
6ec106bbce71 | 2025-07-06 20:12:38.628 | info | Incoming request: POST /api/auth/login from 172.18.0.1
6ec106bbce71 | 2025-07-06 20:12:38.796 | info | Request completed: POST /api/auth/login -> 200 in 167ms
6ec106bbce71 | 2025-07-06 20:12:38.811 | info | Incoming request: POST /api/auth/login from 172.18.0.1
6ec106bbce71 | 2025-07-06 20:12:38.925 | info | Incoming request: POST /api/auth/login from 172.18.0.1
6ec106bbce71 | 2025-07-06 20:12:38.974 | info | Request completed: POST /api/auth/login -> 200 in 162ms
6ec106bbce71 | 2025-07-06 20:12:39.074 | info | Request completed: POST /api/auth/login -> 200 in 149ms
6ec106bbce71 | 2025-07-06 20:12:39.091 | info | Incoming request: POST /api/auth/login from 172.18.0.1
6ec106bbce71 | 2025-07-06 20:12:39.261 | info | Request completed: POST /api/auth/login -> 200 in 170ms
6ec106bbce71 | 2025-07-06 20:12:39.691 | info | Incoming request: POST /api/auth/login from 172.18.0.1
6ec106bbce71 | 2025-07-06 20:12:39.864 | info | Request completed: POST /api/auth/login -> 200 in 173ms
6ec106bbce71 | 2025-07-06 20:12:40.324 | info | Incoming request: POST /api/auth/login from 172.18.0.1
6ec106bbce71 | 2025-07-06 20:12:40.526 | info | Request completed: POST /api/auth/login -> 200 in 202ms
6ec106bbce71 | 2025-07-06 21:28:08.060 | info | Incoming request: OPTIONS /api/auth/login from 172.18.0.1
6ec106bbce71 | 2025-07-06 21:28:08.069 | info | Request completed: OPTIONS /api/auth/login -> 200 in 11ms
6ec106bbce71 | 2025-07-06 21:28:08.079 | info | Incoming request: POST /api/auth/login from 172.18.0.1
6ec106bbce71 | 2025-07-06 21:28:08.405 | info | Request completed: POST /api/auth/login -> 200 in 325ms
6ec106bbce71 | 2025-07-06 21:28:11.420 | info | Incoming request: POST /api/auth/login from 172.18.0.1
6ec106bbce71 | 2025-07-06 21:28:11.732 | info | Request completed: POST /api/auth/login -> 200 in 312ms
d72b0738ca25 | 2025-07-06 21:40:50.564 | info | Starting API Gateway
d72b0738ca25 | 2025-07-06 21:40:50.567 | info | Registering AuthService endpoints
d72b0738ca25 | 2025-07-06 21:40:50.571 | info | AuthService endpoints registered successfully
d72b0738ca25 | 2025-07-06 21:40:50.572 | info | Registering AuthHello endpoints
d72b0738ca25 | 2025-07-06 21:40:50.572 | info | AuthHello endpoints registered successfully
d72b0738ca25 | 2025-07-06 21:40:50.573 | info | API Gateway configured with endpoints:
d72b0738ca25 | 2025-07-06 21:40:50.573 | info |   POST /api/auth/login
d72b0738ca25 | 2025-07-06 21:40:50.576 | info |   POST /api/auth/register
d72b0738ca25 | 2025-07-06 21:40:50.577 | info |   POST /api/auth/refresh
d72b0738ca25 | 2025-07-06 21:40:50.579 | info |   POST /api/auth/logout
d72b0738ca25 | 2025-07-06 21:40:50.581 | info |   GET  /api/hello
d72b0738ca25 | 2025-07-06 21:40:50.584 | info | Starting HTTP server on port :8083
d72b0738ca25 | 2025-07-06 21:40:50.584 | info | Gateway ready to handle requests
83e3a866eded | 2025-07-06 23:13:51.425 | info | Starting API Gateway
83e3a866eded | 2025-07-06 23:13:51.425 | info | Registering AuthService endpoints
83e3a866eded | 2025-07-06 23:13:51.427 | info | AuthService endpoints registered successfully
83e3a866eded | 2025-07-06 23:13:51.427 | info | Registering AuthHello endpoints
83e3a866eded | 2025-07-06 23:13:51.428 | info | AuthHello endpoints registered successfully
83e3a866eded | 2025-07-06 23:13:51.429 | info | API Gateway configured with endpoints:
83e3a866eded | 2025-07-06 23:13:51.430 | info |   POST /api/auth/login
83e3a866eded | 2025-07-06 23:13:51.430 | info |   POST /api/auth/register
83e3a866eded | 2025-07-06 23:13:51.431 | info |   POST /api/auth/refresh
83e3a866eded | 2025-07-06 23:13:51.431 | info |   POST /api/auth/logout
83e3a866eded | 2025-07-06 23:13:51.432 | info |   GET  /api/hello
83e3a866eded | 2025-07-06 23:13:51.432 | info | Starting HTTP server on port :8083
83e3a866eded | 2025-07-06 23:13:51.433 | info | Gateway ready to handle requests
9c73454b186e | 2025-07-06 23:16:10.125 | info | Starting API Gateway
9c73454b186e | 2025-07-06 23:16:10.127 | info | Registering AuthService endpoints
9c73454b186e | 2025-07-06 23:16:10.129 | info | AuthService endpoints registered successfully
9c73454b186e | 2025-07-06 23:16:10.129 | info | Registering AuthHello endpoints
9c73454b186e | 2025-07-06 23:16:10.130 | info | AuthHello endpoints registered successfully
9c73454b186e | 2025-07-06 23:16:10.130 | info | API Gateway configured with endpoints:
9c73454b186e | 2025-07-06 23:16:10.131 | info |   POST /api/auth/login
9c73454b186e | 2025-07-06 23:16:10.131 | info |   POST /api/auth/register
9c73454b186e | 2025-07-06 23:16:10.132 | info |   POST /api/auth/refresh
9c73454b186e | 2025-07-06 23:16:10.132 | info |   POST /api/auth/logout
9c73454b186e | 2025-07-06 23:16:10.132 | info |   GET  /api/hello
9c73454b186e | 2025-07-06 23:16:10.133 | info | Starting HTTP server on port :8083
9c73454b186e | 2025-07-06 23:16:10.133 | info | Gateway ready to handle requests
9c73454b186e | 2025-07-06 23:16:50.813 | info | Incoming request: POST /api/auth/register from 172.18.0.1
9c73454b186e | 2025-07-06 23:16:50.817 | info | Request completed: POST /api/auth/register -> 400 in 4ms
9c73454b186e | 2025-07-06 23:17:52.230 | info | Incoming request: POST /api/auth/register from 172.18.0.1
9c73454b186e | 2025-07-06 23:17:52.231 | info | Request completed: POST /api/auth/register -> 400 in 1ms
9c73454b186e | 2025-07-06 23:18:00.919 | info | Incoming request: POST /api/auth/register from 172.18.0.1
9c73454b186e | 2025-07-06 23:18:01.086 | info | Request completed: POST /api/auth/register -> 200 in 166ms
9c73454b186e | 2025-07-06 23:18:27.640 | info | Incoming request: OPTIONS /api/auth/login from 172.18.0.1
9c73454b186e | 2025-07-06 23:18:27.640 | info | Request completed: OPTIONS /api/auth/login -> 200 in 0ms
9c73454b186e | 2025-07-06 23:18:27.645 | info | Incoming request: POST /api/auth/login from 172.18.0.1
9c73454b186e | 2025-07-06 23:18:27.721 | info | Request completed: POST /api/auth/login -> 200 in 75ms
4e67afb19dc8 | 2025-07-09 14:47:20.928 | info | Starting API Gateway
4e67afb19dc8 | 2025-07-09 14:47:20.933 | info | Registering AuthService endpoints
4e67afb19dc8 | 2025-07-09 14:47:20.937 | info | AuthService endpoints registered successfully
4e67afb19dc8 | 2025-07-09 14:47:20.938 | info | Registering AuthHello endpoints
4e67afb19dc8 | 2025-07-09 14:47:20.939 | info | AuthHello endpoints registered successfully
4e67afb19dc8 | 2025-07-09 14:47:20.941 | info | API Gateway configured with endpoints:
4e67afb19dc8 | 2025-07-09 14:47:20.944 | info |   POST /api/auth/login
4e67afb19dc8 | 2025-07-09 14:47:20.947 | info |   POST /api/auth/register
4e67afb19dc8 | 2025-07-09 14:47:20.949 | info |   POST /api/auth/refresh
4e67afb19dc8 | 2025-07-09 14:47:20.950 | info |   POST /api/auth/logout
4e67afb19dc8 | 2025-07-09 14:47:20.952 | info |   GET  /api/hello
4e67afb19dc8 | 2025-07-09 14:47:20.953 | info | Starting HTTP server on port :8083
4e67afb19dc8 | 2025-07-09 14:47:20.955 | info | Gateway ready to handle requests
4e67afb19dc8 | 2025-07-09 14:48:13.019 | info | Incoming request: POST /api/auth/register from 172.18.0.1
4e67afb19dc8 | 2025-07-09 14:48:13.188 | info | Request completed: POST /api/auth/register -> 200 in 168ms
4e67afb19dc8 | 2025-07-09 14:48:32.948 | info | Incoming request: OPTIONS /api/auth/login from 172.18.0.1
4e67afb19dc8 | 2025-07-09 14:48:32.948 | info | Request completed: OPTIONS /api/auth/login -> 200 in 0ms
4e67afb19dc8 | 2025-07-09 14:48:32.954 | info | Incoming request: POST /api/auth/login from 172.18.0.1
4e67afb19dc8 | 2025-07-09 14:48:33.035 | info | Request completed: POST /api/auth/login -> 200 in 81ms
89d4a7fb0b9f | 2025-08-10 14:24:47.558 | info | Starting API Gateway
89d4a7fb0b9f | 2025-08-10 14:24:47.558 | info | Registering AuthService endpoints
89d4a7fb0b9f | 2025-08-10 14:24:47.558 | info | AuthService endpoints registered successfully
89d4a7fb0b9f | 2025-08-10 14:24:47.558 | info | Registering AuthHello endpoints
89d4a7fb0b9f | 2025-08-10 14:24:47.559 | info | AuthHello endpoints registered successfully
89d4a7fb0b9f | 2025-08-10 14:24:47.559 | info | API Gateway configured with endpoints:
89d4a7fb0b9f | 2025-08-10 14:24:47.559 | info |   POST /api/auth/login
89d4a7fb0b9f | 2025-08-10 14:24:47.559 | info |   POST /api/auth/register
89d4a7fb0b9f | 2025-08-10 14:24:47.559 | info |   POST /api/auth/refresh
89d4a7fb0b9f | 2025-08-10 14:24:47.559 | info |   POST /api/auth/logout
89d4a7fb0b9f | 2025-08-10 14:24:47.560 | info |   GET  /api/hello
89d4a7fb0b9f | 2025-08-10 14:24:47.560 | info | Starting HTTP server on port :8083
89d4a7fb0b9f | 2025-08-10 14:24:47.560 | info | Gateway ready to handle requests
30662fcf1b72 | 2025-08-10 14:27:32.257 | info | Starting API Gateway
30662fcf1b72 | 2025-08-10 14:27:32.257 | info | Registering AuthService endpoints
30662fcf1b72 | 2025-08-10 14:27:32.259 | info | AuthService endpoints registered successfully
30662fcf1b72 | 2025-08-10 14:27:32.260 | info | Registering AuthHello endpoints
30662fcf1b72 | 2025-08-10 14:27:32.260 | info | AuthHello endpoints registered successfully
30662fcf1b72 | 2025-08-10 14:27:32.260 | info | API Gateway configured with endpoints:
30662fcf1b72 | 2025-08-10 14:27:32.260 | info |   POST /api/auth/login
30662fcf1b72 | 2025-08-10 14:27:32.261 | info |   POST /api/auth/register
30662fcf1b72 | 2025-08-10 14:27:32.262 | info |   POST /api/auth/refresh
30662fcf1b72 | 2025-08-10 14:27:32.262 | info |   POST /api/auth/logout
30662fcf1b72 | 2025-08-10 14:27:32.262 | info |   GET  /api/hello
30662fcf1b72 | 2025-08-10 14:27:32.262 | info | Starting HTTP server on port :8083
30662fcf1b72 | 2025-08-10 14:27:32.262 | info | Gateway ready to handle requests
b96dbfa89812 | 2025-08-10 14:33:49.744 | info | Starting API Gateway
b96dbfa89812 | 2025-08-10 14:33:49.745 | info | Registering AuthService endpoints
b96dbfa89812 | 2025-08-10 14:33:49.745 | info | AuthService endpoints registered successfully
b96dbfa89812 | 2025-08-10 14:33:49.745 | info | Registering AuthHello endpoints
b96dbfa89812 | 2025-08-10 14:33:49.746 | info | AuthHello endpoints registered successfully
b96dbfa89812 | 2025-08-10 14:33:49.746 | info | API Gateway configured with endpoints:
b96dbfa89812 | 2025-08-10 14:33:49.746 | info |   POST /api/auth/login
b96dbfa89812 | 2025-08-10 14:33:49.746 | info |   POST /api/auth/register
b96dbfa89812 | 2025-08-10 14:33:49.746 | info |   POST /api/auth/refresh
b96dbfa89812 | 2025-08-10 14:33:49.746 | info |   POST /api/auth/logout
b96dbfa89812 | 2025-08-10 14:33:49.746 | info |   GET  /api/hello
b96dbfa89812 | 2025-08-10 14:33:49.746 | info | Starting HTTP server on port :8083
b96dbfa89812 | 2025-08-10 14:33:49.747 | info | Gateway ready to handle requests
562fd2fa785c | 2025-08-10 14:37:39.472 | info | Starting API Gateway
562fd2fa785c | 2025-08-10 14:37:39.473 | info | Registering AuthService endpoints
562fd2fa785c | 2025-08-10 14:37:39.473 | info | AuthService endpoints registered successfully
562fd2fa785c | 2025-08-10 14:37:39.473 | info | Registering AuthHello endpoints
562fd2fa785c | 2025-08-10 14:37:39.474 | info | AuthHello endpoints registered successfully
562fd2fa785c | 2025-08-10 14:37:39.474 | info | API Gateway configured with endpoints:
562fd2fa785c | 2025-08-10 14:37:39.474 | info |   POST /api/auth/login
562fd2fa785c | 2025-08-10 14:37:39.474 | info |   POST /api/auth/register
562fd2fa785c | 2025-08-10 14:37:39.474 | info |   POST /api/auth/refresh
562fd2fa785c | 2025-08-10 14:37:39.474 | info |   POST /api/auth/logout
562fd2fa785c | 2025-08-10 14:37:39.475 | info |   GET  /api/hello
562fd2fa785c | 2025-08-10 14:37:39.475 | info | Starting HTTP server on port :8083
562fd2fa785c | 2025-08-10 14:37:39.475 | info | Gateway ready to handle requests
09643c485402 | 2025-08-10 14:45:22.622 | info | Starting API Gateway
09643c485402 | 2025-08-10 14:45:22.622 | info | Registering AuthService endpoints
09643c485402 | 2025-08-10 14:45:22.622 | info | AuthService endpoints registered successfully
09643c485402 | 2025-08-10 14:45:22.623 | info | Registering AuthHello endpoints
09643c485402 | 2025-08-10 14:45:22.623 | info | AuthHello endpoints registered successfully
09643c485402 | 2025-08-10 14:45:22.623 | info | API Gateway configured with endpoints:
09643c485402 | 2025-08-10 14:45:22.623 | info |   POST /api/auth/login
09643c485402 | 2025-08-10 14:45:22.623 | info |   POST /api/auth/register
09643c485402 | 2025-08-10 14:45:22.624 | info |   POST /api/auth/refresh
09643c485402 | 2025-08-10 14:45:22.624 | info |   POST /api/auth/logout
09643c485402 | 2025-08-10 14:45:22.624 | info |   GET  /api/hello
09643c485402 | 2025-08-10 14:45:22.624 | info | Starting HTTP server on port :8083
09643c485402 | 2025-08-10 14:45:22.624 | info | Gateway ready to handle requests
2616ee964333 | 2025-08-10 14:50:08.685 | info | Starting API Gateway
2616ee964333 | 2025-08-10 14:50:08.685 | info | Registering AuthService endpoints
2616ee964333 | 2025-08-10 14:50:08.688 | info | AuthService endpoints registered successfully
2616ee964333 | 2025-08-10 14:50:08.688 | info | Registering AuthHello endpoints
2616ee964333 | 2025-08-10 14:50:08.688 | info | AuthHello endpoints registered successfully
2616ee964333 | 2025-08-10 14:50:08.688 | info | API Gateway configured with endpoints:
2616ee964333 | 2025-08-10 14:50:08.688 | info |   POST /api/auth/login
2616ee964333 | 2025-08-10 14:50:08.688 | info |   POST /api/auth/register
2616ee964333 | 2025-08-10 14:50:08.688 | info |   POST /api/auth/refresh
2616ee964333 | 2025-08-10 14:50:08.689 | info |   POST /api/auth/logout
2616ee964333 | 2025-08-10 14:50:08.689 | info |   GET  /api/hello
2616ee964333 | 2025-08-10 14:50:08.689 | info | Starting HTTP server on port :8083
2616ee964333 | 2025-08-10 14:50:08.689 | info | Gateway ready to handle requests
2616ee964333 | 2025-08-10 14:50:42.254 | info | Incoming request: OPTIONS /api/auth/login from 172.18.0.1
2616ee964333 | 2025-08-10 14:50:42.254 | info | Request completed: OPTIONS /api/auth/login -> 200 in 0ms
2616ee964333 | 2025-08-10 14:50:42.259 | info | Incoming request: POST /api/auth/login from 172.18.0.1
2616ee964333 | 2025-08-10 14:50:42.414 | info | Request completed: POST /api/auth/login -> 200 in 155ms
743772a67e80 | 2025-08-10 15:19:17.399 | info | Starting API Gateway
743772a67e80 | 2025-08-10 15:19:17.399 | info | Registering AuthService endpoints
743772a67e80 | 2025-08-10 15:19:17.399 | info | AuthService endpoints registered successfully
743772a67e80 | 2025-08-10 15:19:17.399 | info | Registering AuthHello endpoints
743772a67e80 | 2025-08-10 15:19:17.399 | info | AuthHello endpoints registered successfully
743772a67e80 | 2025-08-10 15:19:17.400 | info | API Gateway configured with endpoints:
743772a67e80 | 2025-08-10 15:19:17.400 | info |   POST /api/auth/login
743772a67e80 | 2025-08-10 15:19:17.400 | info |   POST /api/auth/register
743772a67e80 | 2025-08-10 15:19:17.400 | info |   POST /api/auth/refresh
743772a67e80 | 2025-08-10 15:19:17.400 | info |   POST /api/auth/logout
743772a67e80 | 2025-08-10 15:19:17.400 | info |   GET  /api/hello
743772a67e80 | 2025-08-10 15:19:17.400 | info | Starting HTTP server on port :8083
743772a67e80 | 2025-08-10 15:19:17.400 | info | Gateway ready to handle requests
4ab00342c7ff | 2025-08-10 15:27:29.855 | info | Starting API Gateway
4ab00342c7ff | 2025-08-10 15:27:29.855 | info | Registering AuthService endpoints
4ab00342c7ff | 2025-08-10 15:27:29.856 | info | AuthService endpoints registered successfully
4ab00342c7ff | 2025-08-10 15:27:29.856 | info | Registering AuthHello endpoints
4ab00342c7ff | 2025-08-10 15:27:29.856 | info | AuthHello endpoints registered successfully
4ab00342c7ff | 2025-08-10 15:27:29.857 | info | API Gateway configured with endpoints:
4ab00342c7ff | 2025-08-10 15:27:29.857 | info |   POST /api/auth/login
4ab00342c7ff | 2025-08-10 15:27:29.857 | info |   POST /api/auth/register
4ab00342c7ff | 2025-08-10 15:27:29.857 | info |   POST /api/auth/refresh
4ab00342c7ff | 2025-08-10 15:27:29.858 | info |   POST /api/auth/logout
4ab00342c7ff | 2025-08-10 15:27:29.858 | info |   GET  /api/hello
4ab00342c7ff | 2025-08-10 15:27:29.858 | info | Starting HTTP server on port :8083
4ab00342c7ff | 2025-08-10 15:27:29.858 | info | Gateway ready to handle requests
d7b1d91927ee | 2025-08-10 15:29:32.241 | info | Starting API Gateway
d7b1d91927ee | 2025-08-10 15:29:32.241 | info | Registering AuthService endpoints
d7b1d91927ee | 2025-08-10 15:29:32.241 | info | AuthService endpoints registered successfully
d7b1d91927ee | 2025-08-10 15:29:32.242 | info | Registering AuthHello endpoints
d7b1d91927ee | 2025-08-10 15:29:32.242 | info | AuthHello endpoints registered successfully
d7b1d91927ee | 2025-08-10 15:29:32.242 | info | API Gateway configured with endpoints:
d7b1d91927ee | 2025-08-10 15:29:32.242 | info |   POST /api/auth/login
d7b1d91927ee | 2025-08-10 15:29:32.242 | info |   POST /api/auth/register
d7b1d91927ee | 2025-08-10 15:29:32.242 | info |   POST /api/auth/refresh
d7b1d91927ee | 2025-08-10 15:29:32.242 | info |   POST /api/auth/logout
d7b1d91927ee | 2025-08-10 15:29:32.242 | info |   GET  /api/hello
d7b1d91927ee | 2025-08-10 15:29:32.243 | info | Starting HTTP server on port :8083
d7b1d91927ee | 2025-08-10 15:29:32.243 | info | Gateway ready to handle requests
4321ca624870 | 2025-08-10 15:32:14.663 | info | Starting API Gateway
4321ca624870 | 2025-08-10 15:32:14.663 | info | Registering AuthService endpoints
4321ca624870 | 2025-08-10 15:32:14.663 | info | AuthService endpoints registered successfully
4321ca624870 | 2025-08-10 15:32:14.663 | info | Registering AuthHello endpoints
4321ca624870 | 2025-08-10 15:32:14.663 | info | AuthHello endpoints registered successfully
4321ca624870 | 2025-08-10 15:32:14.664 | info | API Gateway configured with endpoints:
4321ca624870 | 2025-08-10 15:32:14.664 | info |   POST /api/auth/login
4321ca624870 | 2025-08-10 15:32:14.664 | info |   POST /api/auth/register
4321ca624870 | 2025-08-10 15:32:14.664 | info |   POST /api/auth/refresh
4321ca624870 | 2025-08-10 15:32:14.664 | info |   POST /api/auth/logout
4321ca624870 | 2025-08-10 15:32:14.664 | info |   GET  /api/hello
4321ca624870 | 2025-08-10 15:32:14.664 | info | Starting HTTP server on port :8083
4321ca624870 | 2025-08-10 15:32:14.665 | info | Gateway ready to handle requests
21db5a55a182 | 2025-08-10 15:35:40.944 | info | Starting API Gateway
21db5a55a182 | 2025-08-10 15:35:40.944 | info | Registering AuthService endpoints
21db5a55a182 | 2025-08-10 15:35:40.944 | info | AuthService endpoints registered successfully
21db5a55a182 | 2025-08-10 15:35:40.944 | info | Registering AuthHello endpoints
21db5a55a182 | 2025-08-10 15:35:40.945 | info | AuthHello endpoints registered successfully
21db5a55a182 | 2025-08-10 15:35:40.945 | info | API Gateway configured with endpoints:
21db5a55a182 | 2025-08-10 15:35:40.945 | info |   POST /api/auth/login
21db5a55a182 | 2025-08-10 15:35:40.945 | info |   POST /api/auth/register
21db5a55a182 | 2025-08-10 15:35:40.945 | info |   POST /api/auth/refresh
21db5a55a182 | 2025-08-10 15:35:40.945 | info |   POST /api/auth/logout
21db5a55a182 | 2025-08-10 15:35:40.946 | info |   GET  /api/hello
21db5a55a182 | 2025-08-10 15:35:40.946 | info | Starting HTTP server on port :8083
21db5a55a182 | 2025-08-10 15:35:40.946 | info | Gateway ready to handle requests
eb0c7056351a | 2025-08-10 15:44:33.767 | info | Starting API Gateway
eb0c7056351a | 2025-08-10 15:44:33.767 | info | Registering AuthService endpoints
eb0c7056351a | 2025-08-10 15:44:33.767 | info | AuthService endpoints registered successfully
eb0c7056351a | 2025-08-10 15:44:33.768 | info | Registering AuthHello endpoints
eb0c7056351a | 2025-08-10 15:44:33.768 | info | AuthHello endpoints registered successfully
eb0c7056351a | 2025-08-10 15:44:33.768 | info | API Gateway configured with endpoints:
eb0c7056351a | 2025-08-10 15:44:33.768 | info |   POST /api/auth/login
eb0c7056351a | 2025-08-10 15:44:33.768 | info |   POST /api/auth/register
eb0c7056351a | 2025-08-10 15:44:33.769 | info |   POST /api/auth/refresh
eb0c7056351a | 2025-08-10 15:44:33.769 | info |   POST /api/auth/logout
eb0c7056351a | 2025-08-10 15:44:33.769 | info |   GET  /api/hello
eb0c7056351a | 2025-08-10 15:44:33.769 | info | Starting HTTP server on port :8083
eb0c7056351a | 2025-08-10 15:44:33.769 | info | Gateway ready to handle requests
16549cffa9a3 | 2025-08-10 15:51:23.262 | info | Starting API Gateway
16549cffa9a3 | 2025-08-10 15:51:23.263 | info | Registering AuthService endpoints
16549cffa9a3 | 2025-08-10 15:51:23.265 | info | AuthService endpoints registered successfully
16549cffa9a3 | 2025-08-10 15:51:23.265 | info | Registering AuthHello endpoints
16549cffa9a3 | 2025-08-10 15:51:23.265 | info | AuthHello endpoints registered successfully
16549cffa9a3 | 2025-08-10 15:51:23.265 | info | API Gateway configured with endpoints:
16549cffa9a3 | 2025-08-10 15:51:23.266 | info |   POST /api/auth/login
16549cffa9a3 | 2025-08-10 15:51:23.266 | info |   POST /api/auth/register
16549cffa9a3 | 2025-08-10 15:51:23.266 | info |   POST /api/auth/refresh
16549cffa9a3 | 2025-08-10 15:51:23.266 | info |   POST /api/auth/logout
16549cffa9a3 | 2025-08-10 15:51:23.266 | info |   GET  /api/hello
16549cffa9a3 | 2025-08-10 15:51:23.267 | info | Starting HTTP server on port :8083
16549cffa9a3 | 2025-08-10 15:51:23.268 | info | Gateway ready to handle requests
693aa4e2efcc | 2025-08-10 15:56:30.699 | info | Starting API Gateway
693aa4e2efcc | 2025-08-10 15:56:30.699 | info | Registering AuthService endpoints
693aa4e2efcc | 2025-08-10 15:56:30.700 | info | AuthService endpoints registered successfully
693aa4e2efcc | 2025-08-10 15:56:30.700 | info | Registering AuthHello endpoints
693aa4e2efcc | 2025-08-10 15:56:30.700 | info | AuthHello endpoints registered successfully
693aa4e2efcc | 2025-08-10 15:56:30.700 | info | API Gateway configured with endpoints:
693aa4e2efcc | 2025-08-10 15:56:30.700 | info |   POST /api/auth/login
693aa4e2efcc | 2025-08-10 15:56:30.701 | info |   POST /api/auth/register
693aa4e2efcc | 2025-08-10 15:56:30.701 | info |   POST /api/auth/refresh
693aa4e2efcc | 2025-08-10 15:56:30.701 | info |   POST /api/auth/logout
693aa4e2efcc | 2025-08-10 15:56:30.701 | info |   GET  /api/hello
693aa4e2efcc | 2025-08-10 15:56:30.701 | info | Starting HTTP server on port :8083
693aa4e2efcc | 2025-08-10 15:56:30.701 | info | Gateway ready to handle requests
80fa26e3dbb7 | 2025-08-10 15:58:46.493 | info | Starting API Gateway
80fa26e3dbb7 | 2025-08-10 15:58:46.493 | info | Registering AuthService endpoints
80fa26e3dbb7 | 2025-08-10 15:58:46.494 | info | AuthService endpoints registered successfully
80fa26e3dbb7 | 2025-08-10 15:58:46.494 | info | Registering AuthHello endpoints
80fa26e3dbb7 | 2025-08-10 15:58:46.494 | info | AuthHello endpoints registered successfully
80fa26e3dbb7 | 2025-08-10 15:58:46.494 | info | API Gateway configured with endpoints:
80fa26e3dbb7 | 2025-08-10 15:58:46.495 | info |   POST /api/auth/login
80fa26e3dbb7 | 2025-08-10 15:58:46.495 | info |   POST /api/auth/register
80fa26e3dbb7 | 2025-08-10 15:58:46.495 | info |   POST /api/auth/refresh
80fa26e3dbb7 | 2025-08-10 15:58:46.495 | info |   POST /api/auth/logout
80fa26e3dbb7 | 2025-08-10 15:58:46.495 | info |   GET  /api/hello
80fa26e3dbb7 | 2025-08-10 15:58:46.496 | info | Starting HTTP server on port :8083
80fa26e3dbb7 | 2025-08-10 15:58:46.496 | info | Gateway ready to handle requests
ff07c28545f4 | 2025-08-10 16:00:45.336 | info | Starting API Gateway
ff07c28545f4 | 2025-08-10 16:00:45.337 | info | Registering AuthService endpoints
ff07c28545f4 | 2025-08-10 16:00:45.337 | info | AuthService endpoints registered successfully
ff07c28545f4 | 2025-08-10 16:00:45.338 | info | Registering AuthHello endpoints
ff07c28545f4 | 2025-08-10 16:00:45.338 | info | AuthHello endpoints registered successfully
ff07c28545f4 | 2025-08-10 16:00:45.338 | info | API Gateway configured with endpoints:
ff07c28545f4 | 2025-08-10 16:00:45.338 | info |   POST /api/auth/login
ff07c28545f4 | 2025-08-10 16:00:45.339 | info |   POST /api/auth/register
ff07c28545f4 | 2025-08-10 16:00:45.339 | info |   POST /api/auth/refresh
ff07c28545f4 | 2025-08-10 16:00:45.339 | info |   POST /api/auth/logout
ff07c28545f4 | 2025-08-10 16:00:45.339 | info |   GET  /api/hello
ff07c28545f4 | 2025-08-10 16:00:45.340 | info | Starting HTTP server on port :8083
ff07c28545f4 | 2025-08-10 16:00:45.340 | info | Gateway ready to handle requests
1a0c083c6ca0 | 2025-08-10 16:04:23.340 | info | Starting API Gateway
1a0c083c6ca0 | 2025-08-10 16:04:23.340 | info | Registering AuthService endpoints
1a0c083c6ca0 | 2025-08-10 16:04:23.341 | info | AuthService endpoints registered successfully
1a0c083c6ca0 | 2025-08-10 16:04:23.341 | info | Registering AuthHello endpoints
1a0c083c6ca0 | 2025-08-10 16:04:23.341 | info | AuthHello endpoints registered successfully
1a0c083c6ca0 | 2025-08-10 16:04:23.341 | info | API Gateway configured with endpoints:
1a0c083c6ca0 | 2025-08-10 16:04:23.341 | info |   POST /api/auth/login
1a0c083c6ca0 | 2025-08-10 16:04:23.342 | info |   POST /api/auth/register
1a0c083c6ca0 | 2025-08-10 16:04:23.342 | info |   POST /api/auth/refresh
1a0c083c6ca0 | 2025-08-10 16:04:23.342 | info |   POST /api/auth/logout
1a0c083c6ca0 | 2025-08-10 16:04:23.342 | info |   GET  /api/hello
1a0c083c6ca0 | 2025-08-10 16:04:23.342 | info | Starting HTTP server on port :8083
1a0c083c6ca0 | 2025-08-10 16:04:23.342 | info | Gateway ready to handle requests
b30dcfde7ac8 | 2025-08-10 16:08:31.585 | info | Starting API Gateway
b30dcfde7ac8 | 2025-08-10 16:08:31.585 | info | Registering AuthService endpoints
b30dcfde7ac8 | 2025-08-10 16:08:31.586 | info | AuthService endpoints registered successfully
b30dcfde7ac8 | 2025-08-10 16:08:31.586 | info | Registering AuthHello endpoints
b30dcfde7ac8 | 2025-08-10 16:08:31.587 | info | AuthHello endpoints registered successfully
b30dcfde7ac8 | 2025-08-10 16:08:31.587 | info | API Gateway configured with endpoints:
b30dcfde7ac8 | 2025-08-10 16:08:31.587 | info |   POST /api/auth/login
b30dcfde7ac8 | 2025-08-10 16:08:31.587 | info |   POST /api/auth/register
b30dcfde7ac8 | 2025-08-10 16:08:31.587 | info |   POST /api/auth/refresh
b30dcfde7ac8 | 2025-08-10 16:08:31.588 | info |   POST /api/auth/logout
b30dcfde7ac8 | 2025-08-10 16:08:31.588 | info |   GET  /api/hello
b30dcfde7ac8 | 2025-08-10 16:08:31.588 | info | Starting HTTP server on port :8083
b30dcfde7ac8 | 2025-08-10 16:08:31.588 | info | Gateway ready to handle requests
304ad873ebd2 | 2025-08-10 16:11:11.493 | info | Starting API Gateway
304ad873ebd2 | 2025-08-10 16:11:11.493 | info | Registering AuthService endpoints
304ad873ebd2 | 2025-08-10 16:11:11.493 | info | AuthService endpoints registered successfully
304ad873ebd2 | 2025-08-10 16:11:11.494 | info | Registering AuthHello endpoints
304ad873ebd2 | 2025-08-10 16:11:11.494 | info | AuthHello endpoints registered successfully
304ad873ebd2 | 2025-08-10 16:11:11.494 | info | API Gateway configured with endpoints:
304ad873ebd2 | 2025-08-10 16:11:11.494 | info |   POST /api/auth/login
304ad873ebd2 | 2025-08-10 16:11:11.495 | info |   POST /api/auth/register
304ad873ebd2 | 2025-08-10 16:11:11.495 | info |   POST /api/auth/refresh
304ad873ebd2 | 2025-08-10 16:11:11.496 | info |   POST /api/auth/logout
304ad873ebd2 | 2025-08-10 16:11:11.497 | info |   GET  /api/hello
304ad873ebd2 | 2025-08-10 16:11:11.497 | info | Starting HTTP server on port :8083
304ad873ebd2 | 2025-08-10 16:11:11.497 | info | Gateway ready to handle requests
18f5b3ce4aa5 | 2025-08-10 16:12:58.423 | info | Starting API Gateway
18f5b3ce4aa5 | 2025-08-10 16:12:58.423 | info | Registering AuthService endpoints
18f5b3ce4aa5 | 2025-08-10 16:12:58.423 | info | AuthService endpoints registered successfully
18f5b3ce4aa5 | 2025-08-10 16:12:58.423 | info | Registering AuthHello endpoints
18f5b3ce4aa5 | 2025-08-10 16:12:58.424 | info | AuthHello endpoints registered successfully
18f5b3ce4aa5 | 2025-08-10 16:12:58.424 | info | API Gateway configured with endpoints:
18f5b3ce4aa5 | 2025-08-10 16:12:58.424 | info |   POST /api/auth/login
18f5b3ce4aa5 | 2025-08-10 16:12:58.424 | info |   POST /api/auth/register
18f5b3ce4aa5 | 2025-08-10 16:12:58.424 | info |   POST /api/auth/refresh
18f5b3ce4aa5 | 2025-08-10 16:12:58.424 | info |   POST /api/auth/logout
18f5b3ce4aa5 | 2025-08-10 16:12:58.425 | info |   GET  /api/hello
18f5b3ce4aa5 | 2025-08-10 16:12:58.425 | info | Starting HTTP server on port :8083
18f5b3ce4aa5 | 2025-08-10 16:12:58.425 | info | Gateway ready to handle requests
b36f5f43678e | 2025-08-10 16:34:24.122 | info | Starting API Gateway
b36f5f43678e | 2025-08-10 16:34:24.123 | info | Registering AuthService endpoints
b36f5f43678e | 2025-08-10 16:34:24.124 | info | AuthService endpoints registered successfully
b36f5f43678e | 2025-08-10 16:34:24.124 | info | Registering AuthHello endpoints
b36f5f43678e | 2025-08-10 16:34:24.124 | info | AuthHello endpoints registered successfully
b36f5f43678e | 2025-08-10 16:34:24.124 | info | API Gateway configured with endpoints:
b36f5f43678e | 2025-08-10 16:34:24.124 | info |   POST /api/auth/login
b36f5f43678e | 2025-08-10 16:34:24.124 | info |   POST /api/auth/register
b36f5f43678e | 2025-08-10 16:34:24.124 | info |   POST /api/auth/refresh
b36f5f43678e | 2025-08-10 16:34:24.125 | info |   POST /api/auth/logout
b36f5f43678e | 2025-08-10 16:34:24.125 | info |   GET  /api/hello
b36f5f43678e | 2025-08-10 16:34:24.125 | info | Starting HTTP server on port :8083
b36f5f43678e | 2025-08-10 16:34:24.125 | info | Gateway ready to handle requests
ba9d4a6d94c9 | 2025-08-10 16:42:08.644 | info | Starting API Gateway
ba9d4a6d94c9 | 2025-08-10 16:42:08.644 | info | Registering AuthService endpoints
ba9d4a6d94c9 | 2025-08-10 16:42:08.644 | info | AuthService endpoints registered successfully
ba9d4a6d94c9 | 2025-08-10 16:42:08.645 | info | Registering AuthHello endpoints
ba9d4a6d94c9 | 2025-08-10 16:42:08.645 | info | AuthHello endpoints registered successfully
ba9d4a6d94c9 | 2025-08-10 16:42:08.645 | info | API Gateway configured with endpoints:
ba9d4a6d94c9 | 2025-08-10 16:42:08.645 | info |   POST /api/auth/login
ba9d4a6d94c9 | 2025-08-10 16:42:08.645 | info |   POST /api/auth/register
ba9d4a6d94c9 | 2025-08-10 16:42:08.645 | info |   POST /api/auth/refresh
ba9d4a6d94c9 | 2025-08-10 16:42:08.646 | info |   POST /api/auth/logout
ba9d4a6d94c9 | 2025-08-10 16:42:08.646 | info |   GET  /api/hello
ba9d4a6d94c9 | 2025-08-10 16:42:08.646 | info | Starting HTTP server on port :8083
ba9d4a6d94c9 | 2025-08-10 16:42:08.646 | info | Gateway ready to handle requests
5a5291072c97 | 2025-08-10 16:49:00.858 | info | Starting API Gateway
5a5291072c97 | 2025-08-10 16:49:00.859 | info | Registering AuthService endpoints
5a5291072c97 | 2025-08-10 16:49:00.859 | info | AuthService endpoints registered successfully
5a5291072c97 | 2025-08-10 16:49:00.859 | info | Registering AuthHello endpoints
5a5291072c97 | 2025-08-10 16:49:00.859 | info | AuthHello endpoints registered successfully
5a5291072c97 | 2025-08-10 16:49:00.860 | info | API Gateway configured with endpoints:
5a5291072c97 | 2025-08-10 16:49:00.860 | info |   POST /api/auth/login
5a5291072c97 | 2025-08-10 16:49:00.860 | info |   POST /api/auth/register
5a5291072c97 | 2025-08-10 16:49:00.860 | info |   POST /api/auth/refresh
5a5291072c97 | 2025-08-10 16:49:00.860 | info |   POST /api/auth/logout
5a5291072c97 | 2025-08-10 16:49:00.860 | info |   GET  /api/hello
5a5291072c97 | 2025-08-10 16:49:00.860 | info | Starting HTTP server on port :8083
5a5291072c97 | 2025-08-10 16:49:00.861 | info | Gateway ready to handle requests
b74e50743f35 | 2025-08-10 16:51:52.333 | info | Starting API Gateway
b74e50743f35 | 2025-08-10 16:51:52.333 | info | Registering AuthService endpoints
b74e50743f35 | 2025-08-10 16:51:52.334 | info | AuthService endpoints registered successfully
b74e50743f35 | 2025-08-10 16:51:52.334 | info | Registering AuthHello endpoints
b74e50743f35 | 2025-08-10 16:51:52.334 | info | AuthHello endpoints registered successfully
b74e50743f35 | 2025-08-10 16:51:52.334 | info | API Gateway configured with endpoints:
b74e50743f35 | 2025-08-10 16:51:52.334 | info |   POST /api/auth/login
b74e50743f35 | 2025-08-10 16:51:52.334 | info |   POST /api/auth/register
b74e50743f35 | 2025-08-10 16:51:52.335 | info |   POST /api/auth/refresh
b74e50743f35 | 2025-08-10 16:51:52.335 | info |   POST /api/auth/logout
b74e50743f35 | 2025-08-10 16:51:52.335 | info |   GET  /api/hello
b74e50743f35 | 2025-08-10 16:51:52.335 | info | Starting HTTP server on port :8083
b74e50743f35 | 2025-08-10 16:51:52.335 | info | Gateway ready to handle requests
49b831158d3c | 2025-08-10 16:54:56.077 | info | Starting API Gateway
49b831158d3c | 2025-08-10 16:54:56.077 | info | Registering AuthService endpoints
49b831158d3c | 2025-08-10 16:54:56.077 | info | AuthService endpoints registered successfully
49b831158d3c | 2025-08-10 16:54:56.078 | info | Registering AuthHello endpoints
49b831158d3c | 2025-08-10 16:54:56.078 | info | AuthHello endpoints registered successfully
49b831158d3c | 2025-08-10 16:54:56.078 | info | API Gateway configured with endpoints:
49b831158d3c | 2025-08-10 16:54:56.078 | info |   POST /api/auth/login
49b831158d3c | 2025-08-10 16:54:56.079 | info |   POST /api/auth/register
49b831158d3c | 2025-08-10 16:54:56.079 | info |   POST /api/auth/refresh
49b831158d3c | 2025-08-10 16:54:56.079 | info |   POST /api/auth/logout
49b831158d3c | 2025-08-10 16:54:56.079 | info |   GET  /api/hello
49b831158d3c | 2025-08-10 16:54:56.079 | info | Starting HTTP server on port :8083
49b831158d3c | 2025-08-10 16:54:56.079 | info | Gateway ready to handle requests
