d31f8cbbad78 | 2025-06-14 22:52:16.157 | info | Starting Auth Service
d31f8cbbad78 | 2025-06-14 22:52:16.170 | info | Database connection established
d31f8cbbad78 | 2025-06-14 22:52:16.171 | info | Auth Service running on port :3003
f20b0db1c75b | 2025-06-14 23:16:22.166 | info | Starting Auth Service
3ae9bad177b7 | 2025-06-14 23:21:40.602 | info | Starting Auth Service
3ae9bad177b7 | 2025-06-14 23:21:40.612 | info | Database connection established
3ae9bad177b7 | 2025-06-14 23:21:40.612 | info | Auth Service running on port :3003
726046aadb45 | 2025-07-06 20:05:32.079 | info | Starting Auth Service
726046aadb45 | 2025-07-06 20:05:32.097 | info | Database connection established
726046aadb45 | 2025-07-06 20:05:32.099 | info | Auth Service running on port :3003
874ec47cf0f2 | 2025-07-06 21:40:52.222 | info | Starting Auth Service
874ec47cf0f2 | 2025-07-06 21:40:52.250 | info | Database connection established
874ec47cf0f2 | 2025-07-06 21:40:52.254 | info | Auth Service running on port :3003
d781fdeab73d | 2025-07-06 23:13:52.861 | info | Starting Auth Service
d781fdeab73d | 2025-07-06 23:13:52.872 | info | Database connection established
d781fdeab73d | 2025-07-06 23:13:52.872 | info | Auth Service running on port :3003
39629b291faf | 2025-07-06 23:16:11.136 | info | Starting Auth Service
39629b291faf | 2025-07-06 23:16:11.146 | info | Database connection established
39629b291faf | 2025-07-06 23:16:11.147 | info | Auth Service running on port :3003
9fd18cb7a4bd | 2025-07-09 14:47:22.237 | info | Starting Auth Service
9fd18cb7a4bd | 2025-07-09 14:47:22.256 | info | Database connection established
9fd18cb7a4bd | 2025-07-09 14:47:22.258 | info | Auth Service running on port :3003
50b06637991d | 2025-07-12 20:10:44.215 | info | Starting Auth Service
50b06637991d | 2025-07-12 20:10:44.226 | info | Database connection established
50b06637991d | 2025-07-12 20:10:44.227 | info | Auth Service running on port :3003
81d17d856b93 | 2025-07-12 20:24:51.492 | info | Starting Auth Service
81d17d856b93 | 2025-07-12 20:24:51.507 | info | Database connection established
81d17d856b93 | 2025-07-12 20:24:51.507 | info | Auth Service running on port :3003
db9c09a615ac | 2025-07-13 18:53:57.844 | info | Starting Auth Service
db9c09a615ac | 2025-07-13 18:53:57.865 | info | Database connection established
db9c09a615ac | 2025-07-13 18:53:57.866 | info | Auth Service running on port :3003
10cff48705a9 | 2025-07-13 22:09:38.524 | info | Starting Common Service
10cff48705a9 | 2025-07-13 22:09:38.538 | info | Database connection established
10cff48705a9 | 2025-07-13 22:09:38.538 | info | AuthService registered
10cff48705a9 | 2025-07-13 22:09:38.538 | info | CourseService registered
10cff48705a9 | 2025-07-13 22:09:38.538 | info | Common Service registered and listening on :50051
10cff48705a9 | 2025-07-13 22:09:38.538 | info | Available services:
10cff48705a9 | 2025-07-13 22:09:38.538 | info |    AuthService:
10cff48705a9 | 2025-07-13 22:09:38.538 | info |     - POST /api/auth/login
10cff48705a9 | 2025-07-13 22:09:38.538 | info |     - POST /api/auth/register
10cff48705a9 | 2025-07-13 22:09:38.538 | info |     - POST /api/auth/refresh
10cff48705a9 | 2025-07-13 22:09:38.538 | info |     - POST /api/auth/logout
10cff48705a9 | 2025-07-13 22:09:38.538 | info |     - POST /api/auth/forgot-password
10cff48705a9 | 2025-07-13 22:09:38.538 | info |     - POST /api/auth/reset-password
10cff48705a9 | 2025-07-13 22:09:38.538 | info |    CourseService:
10cff48705a9 | 2025-07-13 22:09:38.538 | info |     - GET  /api/courses
10cff48705a9 | 2025-07-13 22:09:38.538 | info |     - GET  /api/courses/{id}
10cff48705a9 | 2025-07-13 22:09:38.538 | info |     - GET  /api/courses/{id}/subjects
10cff48705a9 | 2025-07-13 22:09:38.539 | info |     - GET  /api/courses/search
10cff48705a9 | 2025-07-13 22:09:38.539 | info |     - GET  /api/courses/stats
10cff48705a9 | 2025-07-13 22:09:38.539 | info |     - GET  /api/faculties
10cff48705a9 | 2025-07-13 22:09:38.539 | info |     - GET  /api/student/course-info/{album_nr}
022fc076c493 | 2025-07-13 22:16:21.426 | info | Starting Common Service
022fc076c493 | 2025-07-13 22:16:21.435 | info | Database connection established
022fc076c493 | 2025-07-13 22:16:21.436 | info | AuthService registered
022fc076c493 | 2025-07-13 22:16:21.436 | info | CourseService registered
022fc076c493 | 2025-07-13 22:16:21.436 | info | Common Service registered and listening on :50051
022fc076c493 | 2025-07-13 22:16:21.436 | info | Available services:
022fc076c493 | 2025-07-13 22:16:21.436 | info |    AuthService:
022fc076c493 | 2025-07-13 22:16:21.436 | info |     - POST /api/auth/login
022fc076c493 | 2025-07-13 22:16:21.436 | info |     - POST /api/auth/register
022fc076c493 | 2025-07-13 22:16:21.436 | info |     - POST /api/auth/refresh
022fc076c493 | 2025-07-13 22:16:21.436 | info |     - POST /api/auth/logout
022fc076c493 | 2025-07-13 22:16:21.436 | info |     - POST /api/auth/forgot-password
022fc076c493 | 2025-07-13 22:16:21.436 | info |     - POST /api/auth/reset-password
022fc076c493 | 2025-07-13 22:16:21.436 | info |    CourseService:
022fc076c493 | 2025-07-13 22:16:21.436 | info |     - GET  /api/courses
022fc076c493 | 2025-07-13 22:16:21.436 | info |     - GET  /api/courses/{id}
022fc076c493 | 2025-07-13 22:16:21.436 | info |     - GET  /api/courses/{id}/subjects
022fc076c493 | 2025-07-13 22:16:21.436 | info |     - GET  /api/courses/search
022fc076c493 | 2025-07-13 22:16:21.436 | info |     - GET  /api/courses/stats
022fc076c493 | 2025-07-13 22:16:21.436 | info |     - GET  /api/faculties
022fc076c493 | 2025-07-13 22:16:21.436 | info |     - GET  /api/student/course-info/{album_nr}
0ffacbadcfba | 2025-07-14 09:40:02.277 | info | Starting Common Service
0ffacbadcfba | 2025-07-14 09:40:02.287 | info | Database connection established
0ffacbadcfba | 2025-07-14 09:40:02.287 | info | AuthService registered
0ffacbadcfba | 2025-07-14 09:40:02.287 | info | CourseService registered
0ffacbadcfba | 2025-07-14 09:40:02.287 | info | Common Service registered and listening on :3003
0ffacbadcfba | 2025-07-14 09:40:02.287 | info | Available services:
0ffacbadcfba | 2025-07-14 09:40:02.287 | info |    AuthService:
0ffacbadcfba | 2025-07-14 09:40:02.287 | info |     - POST /api/auth/login
0ffacbadcfba | 2025-07-14 09:40:02.287 | info |     - POST /api/auth/register
0ffacbadcfba | 2025-07-14 09:40:02.287 | info |     - POST /api/auth/refresh
0ffacbadcfba | 2025-07-14 09:40:02.287 | info |     - POST /api/auth/logout
0ffacbadcfba | 2025-07-14 09:40:02.287 | info |     - POST /api/auth/forgot-password
0ffacbadcfba | 2025-07-14 09:40:02.288 | info |     - POST /api/auth/reset-password
0ffacbadcfba | 2025-07-14 09:40:02.288 | info |    CourseService:
0ffacbadcfba | 2025-07-14 09:40:02.288 | info |     - GET  /api/courses
0ffacbadcfba | 2025-07-14 09:40:02.288 | info |     - GET  /api/courses/{id}
0ffacbadcfba | 2025-07-14 09:40:02.288 | info |     - GET  /api/courses/{id}/subjects
0ffacbadcfba | 2025-07-14 09:40:02.288 | info |     - GET  /api/courses/search
0ffacbadcfba | 2025-07-14 09:40:02.288 | info |     - GET  /api/courses/stats
0ffacbadcfba | 2025-07-14 09:40:02.288 | info |     - GET  /api/faculties
0ffacbadcfba | 2025-07-14 09:40:02.288 | info |     - GET  /api/student/course-info/{album_nr}
0ffacbadcfba | 2025-07-14 09:40:58.838 | warning | Registration validation failed: password: password must be at least 8 characters long
0ffacbadcfba | 2025-07-14 09:41:09.702 | warning | Registration validation failed: password: password must contain at least one uppercase letter
0ffacbadcfba | 2025-07-14 09:41:21.487 | warning | Registration validation failed: password: password must contain at least one special character
0ffacbadcfba | 2025-07-14 09:41:29.168 | info | User registered successfully with ID: 1
0ffacbadcfba | 2025-07-14 09:46:02.448 | info | User 1 logged in successfully
0ffacbadcfba | 2025-07-14 09:58:42.179 | warning | Login attempt for non-existent email: test@test.com
0ffacbadcfba | 2025-07-14 09:59:33.933 | info | User registered successfully with ID: 9
0ffacbadcfba | 2025-07-14 09:59:45.132 | info | User 9 logged in successfully
0ffacbadcfba | 2025-07-14 10:02:44.620 | info | Received request for all faculties
0ffacbadcfba | 2025-07-14 10:02:44.621 | info | Successfully returned 4 faculties
0ffacbadcfba | 2025-07-14 10:04:39.307 | info | Received request for student course info, album_nr: 1
0ffacbadcfba | 2025-07-14 10:04:39.322 | info | Successfully returned course info for album_nr: 1
0ffacbadcfba | 2025-07-14 10:04:42.832 | info | Received request for student course info, album_nr: 2
0ffacbadcfba | 2025-07-14 10:04:42.844 | info | Successfully returned course info for album_nr: 2
0ffacbadcfba | 2025-07-14 10:10:24.376 | info | Received request for student course info, album_nr: 1
0ffacbadcfba | 2025-07-14 10:10:24.387 | info | Successfully returned course info for album_nr: 1
f7d9d532485f | 2025-07-14 10:12:31.720 | info | Starting Common Service
f7d9d532485f | 2025-07-14 10:12:31.729 | info | Database connection established
f7d9d532485f | 2025-07-14 10:12:31.729 | info | AuthService registered
f7d9d532485f | 2025-07-14 10:12:31.729 | info | CourseService registered
f7d9d532485f | 2025-07-14 10:12:31.729 | info | Common Service registered and listening on :3003
f7d9d532485f | 2025-07-14 10:12:31.729 | info | Available services:
f7d9d532485f | 2025-07-14 10:12:31.729 | info |    AuthService:
f7d9d532485f | 2025-07-14 10:12:31.729 | info |     - POST /api/auth/login
f7d9d532485f | 2025-07-14 10:12:31.729 | info |     - POST /api/auth/register
f7d9d532485f | 2025-07-14 10:12:31.729 | info |     - POST /api/auth/refresh
f7d9d532485f | 2025-07-14 10:12:31.729 | info |     - POST /api/auth/logout
f7d9d532485f | 2025-07-14 10:12:31.729 | info |     - POST /api/auth/forgot-password
f7d9d532485f | 2025-07-14 10:12:31.729 | info |     - POST /api/auth/reset-password
f7d9d532485f | 2025-07-14 10:12:31.729 | info |    CourseService:
f7d9d532485f | 2025-07-14 10:12:31.729 | info |     - GET  /api/courses
f7d9d532485f | 2025-07-14 10:12:31.729 | info |     - GET  /api/courses/{id}
f7d9d532485f | 2025-07-14 10:12:31.729 | info |     - GET  /api/courses/{id}/subjects
f7d9d532485f | 2025-07-14 10:12:31.729 | info |     - GET  /api/courses/search
f7d9d532485f | 2025-07-14 10:12:31.729 | info |     - GET  /api/courses/stats
f7d9d532485f | 2025-07-14 10:12:31.729 | info |     - GET  /api/faculties
f7d9d532485f | 2025-07-14 10:12:31.729 | info |     - GET  /api/student/course-info/{album_nr}
f7d9d532485f | 2025-07-14 10:13:11.998 | info | Received request for student course info, album_nr: 1
f7d9d532485f | 2025-07-14 10:13:12.037 | info | Successfully returned course info for album_nr: 1
1802f6fee8b0 | 2025-07-14 10:16:04.046 | info | Starting Common Service
1802f6fee8b0 | 2025-07-14 10:16:04.058 | info | Database connection established
1802f6fee8b0 | 2025-07-14 10:16:04.058 | info | AuthService registered
1802f6fee8b0 | 2025-07-14 10:16:04.058 | info | CourseService registered
1802f6fee8b0 | 2025-07-14 10:16:04.058 | info | Common Service registered and listening on :3003
1802f6fee8b0 | 2025-07-14 10:16:04.058 | info | Available services:
1802f6fee8b0 | 2025-07-14 10:16:04.058 | info |    AuthService:
1802f6fee8b0 | 2025-07-14 10:16:04.058 | info |     - POST /api/auth/login
1802f6fee8b0 | 2025-07-14 10:16:04.058 | info |     - POST /api/auth/register
1802f6fee8b0 | 2025-07-14 10:16:04.058 | info |     - POST /api/auth/refresh
1802f6fee8b0 | 2025-07-14 10:16:04.058 | info |     - POST /api/auth/logout
1802f6fee8b0 | 2025-07-14 10:16:04.058 | info |     - POST /api/auth/forgot-password
1802f6fee8b0 | 2025-07-14 10:16:04.059 | info |     - POST /api/auth/reset-password
1802f6fee8b0 | 2025-07-14 10:16:04.059 | info |    CourseService:
1802f6fee8b0 | 2025-07-14 10:16:04.059 | info |     - GET  /api/courses
1802f6fee8b0 | 2025-07-14 10:16:04.059 | info |     - GET  /api/courses/{id}
1802f6fee8b0 | 2025-07-14 10:16:04.059 | info |     - GET  /api/courses/{id}/subjects
1802f6fee8b0 | 2025-07-14 10:16:04.059 | info |     - GET  /api/courses/search
1802f6fee8b0 | 2025-07-14 10:16:04.059 | info |     - GET  /api/courses/stats
1802f6fee8b0 | 2025-07-14 10:16:04.059 | info |     - GET  /api/faculties
1802f6fee8b0 | 2025-07-14 10:16:04.059 | info |     - GET  /api/student/course-info/{album_nr}
1802f6fee8b0 | 2025-07-14 10:16:13.614 | info | Received request for student course info, album_nr: 1
1802f6fee8b0 | 2025-07-14 10:16:13.625 | info | Successfully returned course info for album_nr: 1
1802f6fee8b0 | 2025-07-14 10:19:31.200 | info | Received request for student course info, album_nr: 1
1802f6fee8b0 | 2025-07-14 10:19:31.216 | info | Successfully returned course info for album_nr: 1
1802f6fee8b0 | 2025-07-14 10:26:38.690 | info | Received request for all faculties
1802f6fee8b0 | 2025-07-14 10:26:38.691 | info | Successfully returned 4 faculties
1802f6fee8b0 | 2025-07-14 10:29:20.815 | info | Received request for all faculties
1802f6fee8b0 | 2025-07-14 10:29:20.816 | info | Successfully returned 4 faculties
1802f6fee8b0 | 2025-07-14 10:30:02.157 | info | Received request for all faculties
1802f6fee8b0 | 2025-07-14 10:30:02.157 | info | Successfully returned 4 faculties
1802f6fee8b0 | 2025-07-14 10:30:24.712 | info | Received request for student course info, album_nr: 1
1802f6fee8b0 | 2025-07-14 10:30:24.726 | info | Successfully returned course info for album_nr: 1
